2023-04-26T16:25:52.327+05:30  INFO 7172 --- [restartedMain] c.example.realTemp.RealTempApplication   : Starting RealTempApplication using Java 19.0.2 with PID 7172 (C:\Users\hp\Desktop\springboot start\realTemp2\realTemp\target\classes started by hp in C:\Users\hp\Desktop\springboot start\realTemp2)
2023-04-26T16:25:52.335+05:30 DEBUG 7172 --- [restartedMain] c.example.realTemp.RealTempApplication   : Running with Spring Boot v3.0.4, Spring v6.0.6
2023-04-26T16:25:52.340+05:30  INFO 7172 --- [restartedMain] c.example.realTemp.RealTempApplication   : No active profile set, falling back to 1 default profile: "default"
2023-04-26T16:25:53.082+05:30  INFO 7172 --- [restartedMain] .e.DevToolsPropertyDefaultsPostProcessor : Devtools property defaults active! Set 'spring.devtools.add-properties' to 'false' to disable
2023-04-26T16:25:53.083+05:30  INFO 7172 --- [restartedMain] .e.DevToolsPropertyDefaultsPostProcessor : For additional web related logging consider setting the 'logging.level.web' property to 'DEBUG'
2023-04-26T16:26:06.379+05:30  INFO 7172 --- [restartedMain] .s.d.r.c.RepositoryConfigurationDelegate : Bootstrapping Spring Data JPA repositories in DEFAULT mode.
2023-04-26T16:26:07.331+05:30  INFO 7172 --- [restartedMain] .s.d.r.c.RepositoryConfigurationDelegate : Finished Spring Data repository scanning in 720 ms. Found 2 JPA repository interfaces.
2023-04-26T16:26:23.346+05:30  INFO 7172 --- [restartedMain] o.s.b.w.embedded.tomcat.TomcatWebServer  : Tomcat initialized with port(s): 8083 (http)
2023-04-26T16:26:23.885+05:30  INFO 7172 --- [restartedMain] o.apache.catalina.core.StandardService   : Starting service [Tomcat]
2023-04-26T16:26:23.888+05:30  INFO 7172 --- [restartedMain] o.apache.catalina.core.StandardEngine    : Starting Servlet engine: [Apache Tomcat/10.1.5]
2023-04-26T16:26:24.876+05:30  INFO 7172 --- [restartedMain] o.a.c.c.C.[Tomcat].[localhost].[/]       : Initializing Spring embedded WebApplicationContext
2023-04-26T16:26:24.880+05:30  INFO 7172 --- [restartedMain] w.s.c.ServletWebServerApplicationContext : Root WebApplicationContext: initialization completed in 31790 ms
2023-04-26T16:26:28.728+05:30  INFO 7172 --- [restartedMain] o.hibernate.jpa.internal.util.LogHelper  : HHH000204: Processing PersistenceUnitInfo [name: default]
2023-04-26T16:26:30.279+05:30  INFO 7172 --- [restartedMain] org.hibernate.Version                    : HHH000412: Hibernate ORM core version 6.1.7.Final
2023-04-26T16:26:35.142+05:30  INFO 7172 --- [restartedMain] com.zaxxer.hikari.HikariDataSource       : HikariPool-1 - Starting...
2023-04-26T16:26:42.297+05:30  INFO 7172 --- [restartedMain] com.zaxxer.hikari.pool.HikariPool        : HikariPool-1 - Added connection org.postgresql.jdbc.PgConnection@24d5235b
2023-04-26T16:26:42.308+05:30  INFO 7172 --- [restartedMain] com.zaxxer.hikari.HikariDataSource       : HikariPool-1 - Start completed.
2023-04-26T16:26:44.393+05:30  INFO 7172 --- [restartedMain] SQL dialect                              : HHH000400: Using dialect: org.hibernate.dialect.PostgreSQLDialect
2023-04-26T16:26:54.108+05:30  INFO 7172 --- [restartedMain] o.h.e.t.j.p.i.JtaPlatformInitiator       : HHH000490: Using JtaPlatform implementation: [org.hibernate.engine.transaction.jta.platform.internal.NoJtaPlatform]
2023-04-26T16:26:54.293+05:30  INFO 7172 --- [restartedMain] j.LocalContainerEntityManagerFactoryBean : Initialized JPA EntityManagerFactory for persistence unit 'default'
2023-04-26T16:27:20.660+05:30  WARN 7172 --- [restartedMain] JpaBaseConfiguration$JpaWebConfiguration : spring.jpa.open-in-view is enabled by default. Therefore, database queries may be performed during view rendering. Explicitly configure spring.jpa.open-in-view to disable this warning
2023-04-26T16:27:28.360+05:30  INFO 7172 --- [restartedMain] o.s.s.web.DefaultSecurityFilterChain     : Will secure any request with [org.springframework.security.web.session.DisableEncodeUrlFilter@57de85a3, org.springframework.security.web.context.request.async.WebAsyncManagerIntegrationFilter@377f5614, org.springframework.security.web.context.SecurityContextHolderFilter@7614907f, org.springframework.security.web.header.HeaderWriterFilter@20b58fa0, org.springframework.security.web.authentication.logout.LogoutFilter@7b9d41ac, org.springframework.security.web.authentication.www.BasicAuthenticationFilter@1deb8f12, org.springframework.security.web.savedrequest.RequestCacheAwareFilter@5eaebb60, org.springframework.security.web.servletapi.SecurityContextHolderAwareRequestFilter@28f3ad56, org.springframework.security.web.authentication.AnonymousAuthenticationFilter@76addcf6, org.springframework.security.web.access.ExceptionTranslationFilter@4a0f15dc, org.springframework.security.web.access.intercept.AuthorizationFilter@79eee484]
2023-04-26T16:27:34.026+05:30  INFO 7172 --- [restartedMain] o.s.b.d.a.OptionalLiveReloadServer       : LiveReload server is running on port 35729
2023-04-26T16:27:35.657+05:30  INFO 7172 --- [restartedMain] o.s.b.w.embedded.tomcat.TomcatWebServer  : Tomcat started on port(s): 8083 (http) with context path ''
2023-04-26T16:27:35.680+05:30  INFO 7172 --- [restartedMain] o.s.a.r.c.CachingConnectionFactory       : Attempting to connect to: [localhost:5672]
2023-04-26T16:27:41.339+05:30  WARN 7172 --- [AMQP Connection 127.0.0.1:5672] c.r.c.impl.ForgivingExceptionHandler     : An unexpected connection driver error occurred (Exception message: Socket closed)
2023-04-26T16:27:43.145+05:30  INFO 7172 --- [restartedMain] o.s.a.r.c.CachingConnectionFactory       : Created new connection: rabbitConnectionFactory#62ff525d:0/SimpleConnection@3dced91f [delegate=amqp://guest@0:0:0:0:0:0:0:1:5672/, localPort=55956]
2023-04-26T16:27:45.066+05:30  INFO 7172 --- [restartedMain] c.example.realTemp.RealTempApplication   : Started RealTempApplication in 117.38 seconds (process running for 126.133)
2023-04-26T16:28:13.686+05:30  INFO 7172 --- [org.springframework.amqp.rabbit.RabbitListenerEndpointContainer#0-2] o.s.a.r.l.SimpleMessageListenerContainer : Waiting for workers to finish.
2023-04-26T16:28:14.158+05:30  INFO 7172 --- [org.springframework.amqp.rabbit.RabbitListenerEndpointContainer#0-2] o.s.a.r.l.SimpleMessageListenerContainer : Successfully waited for workers to finish.
2023-04-26T16:28:14.578+05:30  INFO 7172 --- [SpringApplicationShutdownHook] o.s.a.r.l.SimpleMessageListenerContainer : Shutdown ignored - container is already stopped
2023-04-26T16:28:14.635+05:30  INFO 7172 --- [SpringApplicationShutdownHook] j.LocalContainerEntityManagerFactoryBean : Closing JPA EntityManagerFactory for persistence unit 'default'
2023-04-26T16:28:14.665+05:30  INFO 7172 --- [SpringApplicationShutdownHook] com.zaxxer.hikari.HikariDataSource       : HikariPool-1 - Shutdown initiated...
2023-04-26T16:28:14.703+05:30  INFO 7172 --- [SpringApplicationShutdownHook] com.zaxxer.hikari.HikariDataSource       : HikariPool-1 - Shutdown completed.
